0 info it worked if it ends with ok
1 verbose cli [ '/usr/bin/node', '/usr/bin/npm', 'install' ]
2 info using npm@1.4.28
3 info using node@v0.10.40
4 verbose node symlink /usr/bin/node
5 verbose readDependencies using package.json deps
6 verbose install where, deps [ '/home/rebecca/SyTW/quiz',
6 verbose install   [ 'express',
6 verbose install     'body-parser',
6 verbose install     'cookie-parser',
6 verbose install     'morgan',
6 verbose install     'express-partials',
6 verbose install     'serve-favicon',
6 verbose install     'express-helpers',
6 verbose install     'debug',
6 verbose install     'ejs' ] ]
7 info preinstall quiz@0.0.0
8 verbose readDependencies using package.json deps
9 verbose already installed skipping express@~4.9.0 /home/rebecca/SyTW/quiz
10 verbose already installed skipping body-parser@~1.8.1 /home/rebecca/SyTW/quiz
11 verbose already installed skipping cookie-parser@~1.3.3 /home/rebecca/SyTW/quiz
12 verbose already installed skipping morgan@~1.3.0 /home/rebecca/SyTW/quiz
13 verbose already installed skipping express-partials@^0.3.0 /home/rebecca/SyTW/quiz
14 verbose already installed skipping serve-favicon@~2.1.3 /home/rebecca/SyTW/quiz
15 verbose already installed skipping express-helpers@* /home/rebecca/SyTW/quiz
16 verbose already installed skipping debug@~2.0.0 /home/rebecca/SyTW/quiz
17 verbose already installed skipping ejs@~0.8.5 /home/rebecca/SyTW/quiz
18 silly resolved []
19 info build /home/rebecca/SyTW/quiz
20 verbose linkStuff [ false, false, false, '/home/rebecca/SyTW' ]
21 info linkStuff quiz@0.0.0
22 verbose linkBins quiz@0.0.0
23 verbose linkMans quiz@0.0.0
24 verbose rebuildBundles quiz@0.0.0
25 verbose rebuildBundles [ '.bin',
25 verbose rebuildBundles   'body-parser',
25 verbose rebuildBundles   'cookie-parser',
25 verbose rebuildBundles   'debug',
25 verbose rebuildBundles   'ejs',
25 verbose rebuildBundles   'express',
25 verbose rebuildBundles   'express-generator',
25 verbose rebuildBundles   'express-helpers',
25 verbose rebuildBundles   'express-partials',
25 verbose rebuildBundles   'jade',
25 verbose rebuildBundles   'morgan',
25 verbose rebuildBundles   'serve-favicon' ]
26 verbose rebuild bundle /home/rebecca/SyTW/quiz/node_modules/express-generator
27 info build /home/rebecca/SyTW/quiz/node_modules/express-generator
28 info preinstall express-generator@4.9.0
29 verbose linkStuff [ false, false, false, '/home/rebecca/SyTW/quiz/node_modules' ]
30 info linkStuff express-generator@4.9.0
31 warn prefer global express-generator@4.9.0 should be installed with -g
32 verbose linkBins express-generator@4.9.0
33 verbose link bins [ { express: './bin/express' },
33 verbose link bins   '/home/rebecca/SyTW/quiz/node_modules/.bin',
33 verbose link bins   false ]
34 verbose linkMans express-generator@4.9.0
35 verbose rebuildBundles express-generator@4.9.0
36 verbose rebuildBundles [ '.bin', 'commander', 'mkdirp' ]
37 error Error: EACCES, unlink '/home/rebecca/SyTW/quiz/node_modules/.bin/express'
37 error  { [Error: EACCES, unlink '/home/rebecca/SyTW/quiz/node_modules/.bin/express']
37 error   errno: 3,
37 error   code: 'EACCES',
37 error   path: '/home/rebecca/SyTW/quiz/node_modules/.bin/express' }
38 error Please try running this command again as root/Administrator.
39 error System Linux 3.2.0-4-amd64
40 error command "/usr/bin/node" "/usr/bin/npm" "install"
41 error cwd /home/rebecca/SyTW/quiz
42 error node -v v0.10.40
43 error npm -v 1.4.28
44 error path /home/rebecca/SyTW/quiz/node_modules/.bin/express
45 error code EACCES
46 error errno 3
47 error stack Error: EACCES, unlink '/home/rebecca/SyTW/quiz/node_modules/.bin/express'
48 verbose exit [ 3, true ]
